Drill report for MB_V2.kicad_pcb
Created on sáb 21 jan 2023 23:49:26

Copper Layer Stackup:
    =============================================================
    L1 :  F.Cu                      front
    L2 :  In1.Cu                    in1
    L3 :  In2.Cu                    in2
    L4 :  B.Cu                      back


Drill file 'MB_V2-PTH.drl' contains
    plated through holes:
    =============================================================
    T1  0,200mm  0,0079"  (74 holes)
    T2  0,400mm  0,0157"  (165 holes)
    T3  1,000mm  0,0394"  (57 holes)

    Total plated holes count 296


Drill file 'MB_V2-front-in1.drl' contains
    holes connecting layer pair: 'F.Cu and In1.Cu' (blind vias):
    =============================================================
    T1  0,200mm  0,0079"  (4 holes)

    Total plated holes count 4


Drill file 'MB_V2-NPTH.drl' contains
    unplated through holes:
    =============================================================
    T1  0,900mm  0,0354"  (4 holes)

    Total unplated holes count 4
